Flow report for projeto
Tue Jun 12 12:53:21 2018
Quartus II 64-Bit Version 9.1 Build 350 03/24/2010 Service Pack 2 SJ Full Version


---------------------
; Table of Contents ;
---------------------
  1. Legal Notice
  2. Flow Summary
  3. Flow Settings
  4. Flow Non-Default Global Settings
  5. Flow Elapsed Time
  6. Flow OS Summary
  7. Flow Log



----------------
; Legal Notice ;
----------------
Copyright (C) 1991-2010 Altera Corporation
Your use of Altera Corporation's design tools, logic functions 
and other software and tools, and its AMPP partner logic 
functions, and any output files from any of the foregoing 
(including device programming or simulation files), and any 
associated documentation or information are expressly subject 
to the terms and conditions of the Altera Program License 
Subscription Agreement, Altera MegaCore Function License 
Agreement, or other applicable license agreement, including, 
without limitation, that your use is for the sole purpose of 
programming logic devices manufactured by Altera and sold by 
Altera or its authorized distributors.  Please refer to the 
applicable agreement for further details.



+------------------------------------------------------------------------------------+
; Flow Summary                                                                       ;
+------------------------------------+-----------------------------------------------+
; Flow Status                        ; Successful - Tue Jun 12 12:53:17 2018         ;
; Quartus II 64-Bit Version          ; 9.1 Build 350 03/24/2010 SP 2 SJ Full Version ;
; Revision Name                      ; projeto                                       ;
; Top-level Entity Name              ; ula                                           ;
; Family                             ; Cyclone IV E                                  ;
; Device                             ; EP4CE115F29C7                                 ;
; Timing Models                      ; Preliminary                                   ;
; Met timing requirements            ; N/A                                           ;
; Total logic elements               ; 2,265 / 114,480 ( 2 % )                       ;
;     Total combinational functions  ; 2,247 / 114,480 ( 2 % )                       ;
;     Dedicated logic registers      ; 223 / 114,480 ( < 1 % )                       ;
; Total registers                    ; 223                                           ;
; Total pins                         ; 54 / 529 ( 10 % )                             ;
; Total virtual pins                 ; 0                                             ;
; Total memory bits                  ; 0 / 3,981,312 ( 0 % )                         ;
; Embedded Multiplier 9-bit elements ; 0 / 532 ( 0 % )                               ;
; Total PLLs                         ; 0 / 4 ( 0 % )                                 ;
+------------------------------------+-----------------------------------------------+


+-----------------------------------------+
; Flow Settings                           ;
+-------------------+---------------------+
; Option            ; Setting             ;
+-------------------+---------------------+
; Start date & time ; 06/12/2018 12:52:42 ;
; Main task         ; Compilation         ;
; Revision Name     ; projeto             ;
+-------------------+---------------------+


+-----------------------------------------------------------------------------------------------------------------------------------------+
; Flow Non-Default Global Settings                                                                                                        ;
+------------------------------------+-----------------------------------------------------+---------------+-------------+----------------+
; Assignment Name                    ; Value                                               ; Default Value ; Entity Name ; Section Id     ;
+------------------------------------+-----------------------------------------------------+---------------+-------------+----------------+
; COMPILER_SIGNATURE_ID              ; 93179164541088.152881876210880                      ; --            ; --          ; --             ;
; MAX_CORE_JUNCTION_TEMP             ; 85                                                  ; --            ; --          ; --             ;
; MIN_CORE_JUNCTION_TEMP             ; 0                                                   ; --            ; --          ; --             ;
; MISC_FILE                          ; C:/Users/tmt2/Desktop/hope/projeto.dpf              ; --            ; --          ; --             ;
; MISC_FILE                          ; C:/Users/thali/Desktop/hope/projeto.dpf             ; --            ; --          ; --             ;
; MISC_FILE                          ; C:/Users/tmt2/Desktop/PJ SD 2/last hope/projeto.dpf ; --            ; --          ; --             ;
; MISC_FILE                          ; C:/Users/thali/Desktop/last hope/projeto.dpf        ; --            ; --          ; --             ;
; MISC_FILE                          ; C:/Users/tmt2/Desktop/Projeto Finished/projeto.dpf  ; --            ; --          ; --             ;
; NOMINAL_CORE_SUPPLY_VOLTAGE        ; 1.2V                                                ; --            ; --          ; --             ;
; PARTITION_COLOR                    ; 16764057                                            ; --            ; ula         ; Top            ;
; PARTITION_NETLIST_TYPE             ; SOURCE                                              ; --            ; ula         ; Top            ;
; TOP_LEVEL_ENTITY                   ; ula                                                 ; projeto       ; --          ; --             ;
; USE_GENERATED_PHYSICAL_CONSTRAINTS ; Off                                                 ; --            ; --          ; eda_blast_fpga ;
+------------------------------------+-----------------------------------------------------+---------------+-------------+----------------+


+-------------------------------------------------------------------------------------------------------------------------------+
; Flow Elapsed Time                                                                                                             ;
+---------------------------+--------------+-------------------------+---------------------+------------------------------------+
; Module Name               ; Elapsed Time ; Average Processors Used ; Peak Virtual Memory ; Total CPU Time (on all processors) ;
+---------------------------+--------------+-------------------------+---------------------+------------------------------------+
; Analysis & Synthesis      ; 00:00:07     ; 1.0                     ; 302 MB              ; 00:00:06                           ;
; Fitter                    ; 00:00:21     ; 2.5                     ; 561 MB              ; 00:00:19                           ;
; TimeQuest Timing Analyzer ; 00:00:10     ; 2.0                     ; 483 MB              ; 00:00:08                           ;
; Assembler                 ; 00:00:06     ; 1.0                     ; 517 MB              ; 00:00:05                           ;
; Total                     ; 00:00:38     ; --                      ; --                  ; 00:00:33                           ;
+---------------------------+--------------+-------------------------+---------------------+------------------------------------+


+--------------------------------------------------------------------------------------------+
; Flow OS Summary                                                                            ;
+---------------------------+------------------+---------------+------------+----------------+
; Module Name               ; Machine Hostname ; OS Name       ; OS Version ; Processor type ;
+---------------------------+------------------+---------------+------------+----------------+
; Analysis & Synthesis      ; HWC26            ; Windows Vista ; 6.1        ; x86_64         ;
; Fitter                    ; HWC26            ; Windows Vista ; 6.1        ; x86_64         ;
; Assembler                 ; HWC26            ; Windows Vista ; 6.1        ; x86_64         ;
; TimeQuest Timing Analyzer ; HWC26            ; Windows Vista ; 6.1        ; x86_64         ;
+---------------------------+------------------+---------------+------------+----------------+


------------
; Flow Log ;
------------
quartus_map --read_settings_files=on --write_settings_files=off projeto -c projeto
quartus_fit --read_settings_files=off --write_settings_files=off projeto -c projeto
quartus_asm --read_settings_files=off --write_settings_files=off projeto -c projeto
quartus_sta projeto -c projeto



